http: Server on port 4000 {"timestamp":"2023-07-28 15:41:10"}
http: DB is connected {"timestamp":"2023-07-28 15:41:11"}
info: Productos obtenidos satisfactoriamente. Cantidad de productos: 12 {"timestamp":"2023-07-28 15:41:22"}
http: Server on port 4000 {"timestamp":"2023-07-28 15:48:26"}
http: DB is connected {"timestamp":"2023-07-28 15:48:27"}
http: Ciente conectado socket IO {"timestamp":"2023-07-28 15:48:31"}
http: Server on port 4000 {"timestamp":"2023-07-28 15:51:02"}
http: DB is connected {"timestamp":"2023-07-28 15:51:03"}
http: Server on port 4000 {"timestamp":"2023-07-28 15:52:12"}
http: DB is connected {"timestamp":"2023-07-28 15:52:13"}
http: Cliente undefined conectado al socket IO {"timestamp":"2023-07-28 15:52:15"}
http: Server on port 4000 {"timestamp":"2023-07-28 15:53:39"}
http: Ciente conectado socket IO {"timestamp":"2023-07-28 15:53:39"}
http: DB is connected {"timestamp":"2023-07-28 15:53:40"}
http: Server on port 4000 {"timestamp":"2023-07-28 15:54:46"}
http: Ciente conectado socket IO {"timestamp":"2023-07-28 15:54:46"}
http: DB is connected {"timestamp":"2023-07-28 15:54:47"}
http: Ciente conectado socket IO {"timestamp":"2023-07-28 15:54:49"}
http: Server on port 4000 {"timestamp":"2023-07-28 15:55:43"}
http: DB is connected {"timestamp":"2023-07-28 15:55:44"}
http: Ciente fco.fernandez.ag@gmail.com conectado socket IO {"timestamp":"2023-07-28 15:55:46"}
http: Ciente conectado socket IO {"timestamp":"2023-07-28 15:55:47"}
http: Server on port 4000 {"timestamp":"2023-07-28 15:56:08"}
http: Ciente conectado socket IO {"timestamp":"2023-07-28 15:56:08"}
http: DB is connected {"timestamp":"2023-07-28 15:56:09"}
http: Server on port 4000 {"timestamp":"2023-07-28 15:59:54"}
http: Ciente conectado socket IO {"timestamp":"2023-07-28 15:59:54"}
http: DB is connected {"timestamp":"2023-07-28 15:59:55"}
http: Server on port 4000 {"timestamp":"2023-07-28 16:04:00"}
http: DB is connected {"timestamp":"2023-07-28 16:04:00"}
http: Ciente conectado socket IO {"timestamp":"2023-07-28 16:04:01"}
fatal: Este es un mensaje de log fatal {"timestamp":"2023-07-28 16:04:29"}
http: Server on port 4000 {"timestamp":"2023-07-28 16:07:24"}
http: DB is connected {"timestamp":"2023-07-28 16:07:24"}
http: Server on port 4000 {"timestamp":"2023-07-28 16:07:38"}
http: DB is connected {"timestamp":"2023-07-28 16:07:39"}
http: Server on port 4000 {"timestamp":"2023-07-28 16:08:29"}
http: DB is connected {"timestamp":"2023-07-28 16:08:29"}
info: Carrito asociado a usuario existente satisfactoriamente en autenticación github. Correo de GitHub del usuario: fco.fernandez.ag@gmail.com {"timestamp":"2023-07-28 16:09:43"}
info: Productos obtenidos satisfactoriamente. Cantidad de productos: 12 {"timestamp":"2023-07-28 16:09:44"}
fatal: Este es un mensaje de log fatal {"timestamp":"2023-07-28 16:11:08"}
[32mhttp[39m: Server on port 4000 {"timestamp":"2023-07-28 16:14:38"}
[32mhttp[39m: DB is connected {"timestamp":"2023-07-28 16:14:39"}
[31mfatal[39m: Este es un mensaje de log fatal {"timestamp":"2023-07-28 16:14:45"}
http: Server on port 4000 {"timestamp":"2023-07-28 16:14:55"}
http: DB is connected {"timestamp":"2023-07-28 16:14:56"}
http: Server on port 4000 {"timestamp":"2023-07-28 16:16:26"}
http: DB is connected {"timestamp":"2023-07-28 16:16:27"}
http: Server on port 4000 {"timestamp":"2023-07-28 16:16:43"}
http: DB is connected {"timestamp":"2023-07-28 16:16:43"}
http: Server on port 4000 {"timestamp":"2023-07-28 16:18:45"}
http: DB is connected {"timestamp":"2023-07-28 16:18:46"}
http: Server on port 4000 {"timestamp":"2023-07-28 16:21:18"}
http: DB is connected {"timestamp":"2023-07-28 16:21:19"}
fatal: Este es un mensaje de log fatal {"timestamp":"2023-07-28 16:21:22"}
error: Este es un mensaje de log de error {"timestamp":"2023-07-28 16:21:22"}
warning: Este es un mensaje de log de advertencia {"timestamp":"2023-07-28 16:21:22"}
info: Este es un mensaje de log de información {"timestamp":"2023-07-28 16:21:22"}
http: Este es un mensaje de log HTTP {"timestamp":"2023-07-28 16:21:22"}
http: Server on port 4000 {"timestamp":"2023-07-28 16:22:51"}
http: DB is connected {"timestamp":"2023-07-28 16:22:51"}
fatal: Este es un mensaje de log fatal {"timestamp":"2023-07-28 16:22:53"}
http: Server on port 4000 {"timestamp":"2023-07-28 16:23:31"}
http: DB is connected {"timestamp":"2023-07-28 16:23:32"}
fatal: Este es un mensaje de log fatal {"timestamp":"2023-07-28 16:23:33"}
error: Este es un mensaje de log de error {"timestamp":"2023-07-28 16:23:33"}
warning: Este es un mensaje de log de advertencia {"timestamp":"2023-07-28 16:23:33"}
info: Este es un mensaje de log de información {"timestamp":"2023-07-28 16:23:33"}
http: Este es un mensaje de log HTTP {"timestamp":"2023-07-28 16:23:33"}
http: Server on port 4000 {"timestamp":"2023-07-28 16:26:58"}
http: DB is connected {"timestamp":"2023-07-28 16:26:59"}
fatal: Este es un mensaje de log fatal {"timestamp":"2023-07-28 16:27:05"}
error: Este es un mensaje de log de error {"timestamp":"2023-07-28 16:27:05"}
warning: Este es un mensaje de log de advertencia {"timestamp":"2023-07-28 16:27:05"}
info: Este es un mensaje de log de información {"timestamp":"2023-07-28 16:27:05"}
http: Este es un mensaje de log HTTP {"timestamp":"2023-07-28 16:27:05"}
info: Carrito asociado a usuario existente satisfactoriamente en autenticación github. Correo de GitHub del usuario: fco.fernandez.ag@gmail.com {"timestamp":"2023-07-28 16:27:23"}
info: Productos obtenidos satisfactoriamente. Cantidad de productos: 12 {"timestamp":"2023-07-28 16:27:23"}
warning: Usuario 'fco.fernandez.ag@gmail.com' no autorizado accediendo a la ruta '/admin'. {"timestamp":"2023-07-28 16:27:31"}
http: Server on port 4000 {"timestamp":"2023-07-28 16:28:07"}
http: DB is connected {"timestamp":"2023-07-28 16:28:08"}
