info: Productos obtenidos satisfactoriamente. Cantidad de productos: 12 {"timestamp":"2023-07-28 15:38:30"}
info: Productos obtenidos satisfactoriamente. Cantidad de productos: 12 {"timestamp":"2023-07-28 15:41:22"}
fatal: Este es un mensaje de log fatal {"timestamp":"2023-07-28 16:04:29"}
info: Carrito asociado a usuario existente satisfactoriamente en autenticación github. Correo de GitHub del usuario: fco.fernandez.ag@gmail.com {"timestamp":"2023-07-28 16:09:43"}
info: Productos obtenidos satisfactoriamente. Cantidad de productos: 12 {"timestamp":"2023-07-28 16:09:44"}
fatal: Este es un mensaje de log fatal {"timestamp":"2023-07-28 16:11:08"}
fatal: Este es un mensaje de log fatal {"timestamp":"2023-07-28 16:14:45"}
fatal: Este es un mensaje de log fatal {"timestamp":"2023-07-28 16:21:22"}
error: Este es un mensaje de log de error {"timestamp":"2023-07-28 16:21:22"}
warning: Este es un mensaje de log de advertencia {"timestamp":"2023-07-28 16:21:22"}
info: Este es un mensaje de log de información {"timestamp":"2023-07-28 16:21:22"}
fatal: Este es un mensaje de log fatal {"timestamp":"2023-07-28 16:22:53"}
fatal: Este es un mensaje de log fatal {"timestamp":"2023-07-28 16:23:33"}
error: Este es un mensaje de log de error {"timestamp":"2023-07-28 16:23:33"}
warning: Este es un mensaje de log de advertencia {"timestamp":"2023-07-28 16:23:33"}
info: Este es un mensaje de log de información {"timestamp":"2023-07-28 16:23:33"}
fatal: Este es un mensaje de log fatal {"timestamp":"2023-07-28 16:27:05"}
error: Este es un mensaje de log de error {"timestamp":"2023-07-28 16:27:05"}
warning: Este es un mensaje de log de advertencia {"timestamp":"2023-07-28 16:27:05"}
info: Este es un mensaje de log de información {"timestamp":"2023-07-28 16:27:05"}
info: Carrito asociado a usuario existente satisfactoriamente en autenticación github. Correo de GitHub del usuario: fco.fernandez.ag@gmail.com {"timestamp":"2023-07-28 16:27:23"}
info: Productos obtenidos satisfactoriamente. Cantidad de productos: 12 {"timestamp":"2023-07-28 16:27:23"}
warning: Usuario 'fco.fernandez.ag@gmail.com' no autorizado accediendo a la ruta '/admin'. {"timestamp":"2023-07-28 16:27:31"}
