warning: Inicio de sesión fallido con usuario : undefined {"timestamp":"2023-07-27 12:53:19"}
warning: Intento de inicio de sesión fallido para el usuario: {"timestamp":"2023-07-27 12:54:23"}
warning: Intento de inicio de sesión fallido para el usuario: {"timestamp":"2023-07-27 12:54:59"}
warning: Intento de inicio de sesión fallido para el usuario: cata@cata.com {"timestamp":"2023-07-27 13:33:09"}
warning: Error en el servidor al iniciar sesion local  {"timestamp":"2023-07-27 13:34:50"}
warning: Intento de inicio de sesión local fallido para el usuario: admin@admin.com {"timestamp":"2023-07-27 13:35:45"}
warning: Intento de inicio de sesión local fallido para el usuario: asdasd@dsfsdfsdf.cl {"timestamp":"2023-07-27 13:35:56"}
warning: Intento de inicio de sesión local fallido para el usuario: admin@admin.com {"timestamp":"2023-07-27 13:40:54"}
warning: Faltan campos obligatorios para el registro local de usuario:  {"timestamp":"2023-07-27 14:03:21"}
warning: Faltan campos obligatorios para el registro local de usuario: [object Object] {"timestamp":"2023-07-27 14:03:40"}
warning: Faltan campos obligatorios para el registro local de usuario: {"nombre":"11111","apellido":"1111111","email":"","edad":"","genero":"masculino","rol":"usuario","password":""} {"timestamp":"2023-07-27 14:09:02"}
warning: Intento de inicio de sesión local fallido para el usuario: juan@juan.com {"timestamp":"2023-07-27 14:10:53"}
warning: Intento de inicio de sesión local fallido para el usuario:  {"timestamp":"2023-07-27 14:11:03"}
warning: Intento de inicio de sesión local fallido para el usuario: juan@juan.com {"timestamp":"2023-07-27 14:20:18"}
warning: Intento de inicio de sesión local fallido para el usuario:  {"timestamp":"2023-07-27 14:20:21"}
warning: Intento de inicio de sesión local fallido para el usuario: sdfsdf@dsfsdf.cl {"timestamp":"2023-07-27 14:20:29"}
warning: Intento de inicio de sesión local fallido para el usuario:  {"timestamp":"2023-07-27 14:21:09"}
warning: Intento de inicio de sesión local fallido para el usuario:  {"timestamp":"2023-07-27 14:21:10"}
warning: Intento de inicio de sesión local fallido para el usuario:  {"timestamp":"2023-07-27 14:21:11"}
warning: Intento de inicio de sesión local fallido para el usuario:  {"timestamp":"2023-07-27 14:21:41"}
warning: Intento de inicio de sesión local fallido para el usuario:  {"timestamp":"2023-07-27 14:21:42"}
warning: Intento de inicio de sesión local fallido para el usuario:  {"timestamp":"2023-07-27 14:21:54"}
warning: Intento de inicio de sesión local fallido para el usuario:  {"timestamp":"2023-07-27 14:21:58"}
warning: Faltan campos obligatorios para el registro local de usuario: {"nombre":"asdasdasd","apellido":"asdasd","email":"","edad":"","genero":"masculino","rol":"usuario","password":""} {"timestamp":"2023-07-27 14:22:41"}
warning: Email de usuario en uso: admin@admin.com {"timestamp":"2023-07-27 14:24:07"}
warning: Intento de inicio de sesión local fallido para el usuario: par@iumbrales.cl {"timestamp":"2023-07-27 18:31:21"}
warning: Faltan campos obligatorios para el registro local de usuario: {"nombre":"dfgdfgdfgfd","apellido":"dfgdfg","email":"","edad":"","genero":"masculino","rol":"usuario","password":""} {"timestamp":"2023-07-27 18:31:27"}
warning: Intento de inicio de sesión local fallido para el usuario: test2@test2.com {"timestamp":"2023-07-28 10:52:42"}
warning: Intento de inicio de sesión local fallido para el usuario: test4@test4.com {"timestamp":"2023-07-28 10:52:48"}
warning: Intento de inicio de sesión local fallido para el usuario: cata@lopez.com {"timestamp":"2023-07-28 12:12:59"}
fatal: Error al finalizar la compra: cartId is not defined {"stack":"ReferenceError: cartId is not defined\n    at file:///C:/Users/ferna/Programacion/Backend_Coderhouse/6to%20desafio%20Implementacion%20de%20logger/src/routes/cart.routes.js:137:71\n    at Layer.handle [as handle_request] (C:\\Users\\ferna\\Programacion\\Backend_Coderhouse\\6to desafio Implementacion de logger\\node_modules\\express\\lib\\router\\layer.js:95:5)\n    at next (C:\\Users\\ferna\\Programacion\\Backend_Coderhouse\\6to desafio Implementacion de logger\\node_modules\\express\\lib\\router\\route.js:144:13)\n    at Route.dispatch (C:\\Users\\ferna\\Programacion\\Backend_Coderhouse\\6to desafio Implementacion de logger\\node_modules\\express\\lib\\router\\route.js:114:3)\n    at Layer.handle [as handle_request] (C:\\Users\\ferna\\Programacion\\Backend_Coderhouse\\6to desafio Implementacion de logger\\node_modules\\express\\lib\\router\\layer.js:95:5)\n    at C:\\Users\\ferna\\Programacion\\Backend_Coderhouse\\6to desafio Implementacion de logger\\node_modules\\express\\lib\\router\\index.js:284:15\n    at param (C:\\Users\\ferna\\Programacion\\Backend_Coderhouse\\6to desafio Implementacion de logger\\node_modules\\express\\lib\\router\\index.js:365:14)\n    at param (C:\\Users\\ferna\\Programacion\\Backend_Coderhouse\\6to desafio Implementacion de logger\\node_modules\\express\\lib\\router\\index.js:376:14)\n    at Function.process_params (C:\\Users\\ferna\\Programacion\\Backend_Coderhouse\\6to desafio Implementacion de logger\\node_modules\\express\\lib\\router\\index.js:421:3)\n    at next (C:\\Users\\ferna\\Programacion\\Backend_Coderhouse\\6to desafio Implementacion de logger\\node_modules\\express\\lib\\router\\index.js:280:10)","timestamp":"2023-07-28 12:15:45"}
fatal: Error al finalizar la compra: cartId is not defined {"stack":"ReferenceError: cartId is not defined\n    at file:///C:/Users/ferna/Programacion/Backend_Coderhouse/6to%20desafio%20Implementacion%20de%20logger/src/routes/cart.routes.js:137:71\n    at Layer.handle [as handle_request] (C:\\Users\\ferna\\Programacion\\Backend_Coderhouse\\6to desafio Implementacion de logger\\node_modules\\express\\lib\\router\\layer.js:95:5)\n    at next (C:\\Users\\ferna\\Programacion\\Backend_Coderhouse\\6to desafio Implementacion de logger\\node_modules\\express\\lib\\router\\route.js:144:13)\n    at Route.dispatch (C:\\Users\\ferna\\Programacion\\Backend_Coderhouse\\6to desafio Implementacion de logger\\node_modules\\express\\lib\\router\\route.js:114:3)\n    at Layer.handle [as handle_request] (C:\\Users\\ferna\\Programacion\\Backend_Coderhouse\\6to desafio Implementacion de logger\\node_modules\\express\\lib\\router\\layer.js:95:5)\n    at C:\\Users\\ferna\\Programacion\\Backend_Coderhouse\\6to desafio Implementacion de logger\\node_modules\\express\\lib\\router\\index.js:284:15\n    at param (C:\\Users\\ferna\\Programacion\\Backend_Coderhouse\\6to desafio Implementacion de logger\\node_modules\\express\\lib\\router\\index.js:365:14)\n    at param (C:\\Users\\ferna\\Programacion\\Backend_Coderhouse\\6to desafio Implementacion de logger\\node_modules\\express\\lib\\router\\index.js:376:14)\n    at Function.process_params (C:\\Users\\ferna\\Programacion\\Backend_Coderhouse\\6to desafio Implementacion de logger\\node_modules\\express\\lib\\router\\index.js:421:3)\n    at next (C:\\Users\\ferna\\Programacion\\Backend_Coderhouse\\6to desafio Implementacion de logger\\node_modules\\express\\lib\\router\\index.js:280:10)","timestamp":"2023-07-28 12:16:02"}
fatal: Error al finalizar la compra: cartId is not defined {"stack":"ReferenceError: cartId is not defined\n    at file:///C:/Users/ferna/Programacion/Backend_Coderhouse/6to%20desafio%20Implementacion%20de%20logger/src/routes/cart.routes.js:137:71\n    at Layer.handle [as handle_request] (C:\\Users\\ferna\\Programacion\\Backend_Coderhouse\\6to desafio Implementacion de logger\\node_modules\\express\\lib\\router\\layer.js:95:5)\n    at next (C:\\Users\\ferna\\Programacion\\Backend_Coderhouse\\6to desafio Implementacion de logger\\node_modules\\express\\lib\\router\\route.js:144:13)\n    at Route.dispatch (C:\\Users\\ferna\\Programacion\\Backend_Coderhouse\\6to desafio Implementacion de logger\\node_modules\\express\\lib\\router\\route.js:114:3)\n    at Layer.handle [as handle_request] (C:\\Users\\ferna\\Programacion\\Backend_Coderhouse\\6to desafio Implementacion de logger\\node_modules\\express\\lib\\router\\layer.js:95:5)\n    at C:\\Users\\ferna\\Programacion\\Backend_Coderhouse\\6to desafio Implementacion de logger\\node_modules\\express\\lib\\router\\index.js:284:15\n    at param (C:\\Users\\ferna\\Programacion\\Backend_Coderhouse\\6to desafio Implementacion de logger\\node_modules\\express\\lib\\router\\index.js:365:14)\n    at param (C:\\Users\\ferna\\Programacion\\Backend_Coderhouse\\6to desafio Implementacion de logger\\node_modules\\express\\lib\\router\\index.js:376:14)\n    at Function.process_params (C:\\Users\\ferna\\Programacion\\Backend_Coderhouse\\6to desafio Implementacion de logger\\node_modules\\express\\lib\\router\\index.js:421:3)\n    at next (C:\\Users\\ferna\\Programacion\\Backend_Coderhouse\\6to desafio Implementacion de logger\\node_modules\\express\\lib\\router\\index.js:280:10)","timestamp":"2023-07-28 12:16:17"}
fatal: Error al finalizar la compra: cartId is not defined {"stack":"ReferenceError: cartId is not defined\n    at file:///C:/Users/ferna/Programacion/Backend_Coderhouse/6to%20desafio%20Implementacion%20de%20logger/src/routes/cart.routes.js:167:71\n    at Layer.handle [as handle_request] (C:\\Users\\ferna\\Programacion\\Backend_Coderhouse\\6to desafio Implementacion de logger\\node_modules\\express\\lib\\router\\layer.js:95:5)\n    at next (C:\\Users\\ferna\\Programacion\\Backend_Coderhouse\\6to desafio Implementacion de logger\\node_modules\\express\\lib\\router\\route.js:144:13)\n    at Route.dispatch (C:\\Users\\ferna\\Programacion\\Backend_Coderhouse\\6to desafio Implementacion de logger\\node_modules\\express\\lib\\router\\route.js:114:3)\n    at Layer.handle [as handle_request] (C:\\Users\\ferna\\Programacion\\Backend_Coderhouse\\6to desafio Implementacion de logger\\node_modules\\express\\lib\\router\\layer.js:95:5)\n    at C:\\Users\\ferna\\Programacion\\Backend_Coderhouse\\6to desafio Implementacion de logger\\node_modules\\express\\lib\\router\\index.js:284:15\n    at param (C:\\Users\\ferna\\Programacion\\Backend_Coderhouse\\6to desafio Implementacion de logger\\node_modules\\express\\lib\\router\\index.js:365:14)\n    at param (C:\\Users\\ferna\\Programacion\\Backend_Coderhouse\\6to desafio Implementacion de logger\\node_modules\\express\\lib\\router\\index.js:376:14)\n    at Function.process_params (C:\\Users\\ferna\\Programacion\\Backend_Coderhouse\\6to desafio Implementacion de logger\\node_modules\\express\\lib\\router\\index.js:421:3)\n    at next (C:\\Users\\ferna\\Programacion\\Backend_Coderhouse\\6to desafio Implementacion de logger\\node_modules\\express\\lib\\router\\index.js:280:10)","timestamp":"2023-07-28 12:16:56"}
fatal: Error al finalizar la compra: cartId is not defined {"stack":"ReferenceError: cartId is not defined\n    at file:///C:/Users/ferna/Programacion/Backend_Coderhouse/6to%20desafio%20Implementacion%20de%20logger/src/routes/cart.routes.js:170:71\n    at Layer.handle [as handle_request] (C:\\Users\\ferna\\Programacion\\Backend_Coderhouse\\6to desafio Implementacion de logger\\node_modules\\express\\lib\\router\\layer.js:95:5)\n    at next (C:\\Users\\ferna\\Programacion\\Backend_Coderhouse\\6to desafio Implementacion de logger\\node_modules\\express\\lib\\router\\route.js:144:13)\n    at Route.dispatch (C:\\Users\\ferna\\Programacion\\Backend_Coderhouse\\6to desafio Implementacion de logger\\node_modules\\express\\lib\\router\\route.js:114:3)\n    at Layer.handle [as handle_request] (C:\\Users\\ferna\\Programacion\\Backend_Coderhouse\\6to desafio Implementacion de logger\\node_modules\\express\\lib\\router\\layer.js:95:5)\n    at C:\\Users\\ferna\\Programacion\\Backend_Coderhouse\\6to desafio Implementacion de logger\\node_modules\\express\\lib\\router\\index.js:284:15\n    at param (C:\\Users\\ferna\\Programacion\\Backend_Coderhouse\\6to desafio Implementacion de logger\\node_modules\\express\\lib\\router\\index.js:365:14)\n    at param (C:\\Users\\ferna\\Programacion\\Backend_Coderhouse\\6to desafio Implementacion de logger\\node_modules\\express\\lib\\router\\index.js:376:14)\n    at Function.process_params (C:\\Users\\ferna\\Programacion\\Backend_Coderhouse\\6to desafio Implementacion de logger\\node_modules\\express\\lib\\router\\index.js:421:3)\n    at next (C:\\Users\\ferna\\Programacion\\Backend_Coderhouse\\6to desafio Implementacion de logger\\node_modules\\express\\lib\\router\\index.js:280:10)","timestamp":"2023-07-28 12:17:12"}
warning: Usuario 'fco.fernandez.ag@gmail.com' no autorizado accediendo a la ruta '/admin'. {"timestamp":"2023-07-28 15:04:38"}
fatal: Este es un mensaje de log fatal {"timestamp":"2023-07-28 16:04:29"}
fatal: Este es un mensaje de log fatal {"timestamp":"2023-07-28 16:11:08"}
fatal: Este es un mensaje de log fatal {"timestamp":"2023-07-28 16:14:45"}
fatal: Este es un mensaje de log fatal {"timestamp":"2023-07-28 16:21:22"}
error: Este es un mensaje de log de error {"timestamp":"2023-07-28 16:21:22"}
warning: Este es un mensaje de log de advertencia {"timestamp":"2023-07-28 16:21:22"}
fatal: Este es un mensaje de log fatal {"timestamp":"2023-07-28 16:22:53"}
fatal: Este es un mensaje de log fatal {"timestamp":"2023-07-28 16:23:33"}
error: Este es un mensaje de log de error {"timestamp":"2023-07-28 16:23:33"}
warning: Este es un mensaje de log de advertencia {"timestamp":"2023-07-28 16:23:33"}
fatal: Este es un mensaje de log fatal {"timestamp":"2023-07-28 16:27:05"}
error: Este es un mensaje de log de error {"timestamp":"2023-07-28 16:27:05"}
warning: Este es un mensaje de log de advertencia {"timestamp":"2023-07-28 16:27:05"}
warning: Usuario 'fco.fernandez.ag@gmail.com' no autorizado accediendo a la ruta '/admin'. {"timestamp":"2023-07-28 16:27:31"}
